Arguments: 
  C:\Program Files\nodejs\node.exe C:\Users\USER\AppData\Roaming\npm\node_modules\yarn\bin\yarn.js add vue-slick-carousel

PATH: 
  C:\Python27\;C:\Python27\Scripts;C:\WINDOWS\system32;C:\WINDOWS;C:\WINDOWS\System32\Wbem;C:\WINDOWS\System32\WindowsPowerShell\v1.0\;C:\Program Files (x86)\Git\cmd;C:\WINDOWS\System32\OpenSSH\;C:\ProgramData\chocolatey\bin;C:\xampp\php;C:\ProgramData\ComposerSetup\bin;C:\Go\bin;C:\Program Files\PuTTY\;C:\Program Files\nodejs\;C:\Users\USER\AppData\Local\atom\bin;C:\Users\USER\AppData\Local\Microsoft\WindowsApps;C:\ProgramData\USER\GitHubDesktop\bin;C:\Users\USER\AppData\Local\Programs\Microsoft VS Code\bin;C:\Program Files\heroku\bin;C:\Users\USER\AppData\Roaming\Composer\vendor\bin;C:\xampp\mysql\bin;C:\Users\USER\go\bin;C:\Users\USER\AppData\Local\Microsoft\WindowsApps;C:\Users\USER\AppData\Roaming\npm

Yarn version: 
  1.22.10

Node version: 
  16.17.0

Platform: 
  win32 x64

Trace: 
  Error: EPERM: operation not permitted, unlink 'C:\Users\USER\Desktop\mac\drivingplates-2\node_modules\esbuild-windows-64\esbuild.exe'

npm manifest: 
  {
    "name": "vue2-vite",
    "version": "0.0.0",
    "scripts": {
      "dev": "vite",
      "build": "vite build",
      "serve": "vite preview"
    },
    "dependencies": {
      "vue": "^2.6.12"
    },
    "devDependencies": {
      "autoprefixer": "^10.4.10",
      "postcss": "^8.4.16",
      "tailwindcss": "^3.1.8",
      "vite": "^2.0.5",
      "vite-plugin-vue2": "^2.0.1"
    }
  }

yarn manifest: 
  No manifest

Lockfile: 
  No lockfile
